Build started 11/11/2013 9:11:42 PM.
     1>Project "C:\Users\ianzh_000\Documents\GitHub\CS183_Sketch2Web\Source\ShapeContext\ShapeContext.vcxproj" on node 2 (build target(s)).
     1>InitializeBuildStatus:
         Creating "Debug\ShapeContext.unsuccessfulbuild" because "AlwaysCreate" was specified.
       ClCompile:
         C:\Program Files (x86)\Microsoft Visual Studio 10.0\VC\bin\CL.exe /c /IH:\CS183\opencv\build\x86\vc10\include /ZI /nologo /W3 /WX- /Od /Oy- /D _MBCS /Gm /EHsc /RTC1 /MDd /GS /fp:precise /Zc:wchar_t /Zc:forScope /Fo"Debug\\" /Fd"Debug\vc100.pdb" /Gd /TP /analyze- /errorReport:prompt main.cpp
         main.cpp
     1>c:\users\ianzh_000\documents\github\cs183_sketch2web\source\shapecontext\main.cpp(125): warning C4244: 'initializing' : conversion from 'int' to 'float', possible loss of data
     1>c:\users\ianzh_000\documents\github\cs183_sketch2web\source\shapecontext\main.cpp(163): warning C4018: '<' : signed/unsigned mismatch
     1>c:\users\ianzh_000\documents\github\cs183_sketch2web\source\shapecontext\main.cpp(167): warning C4018: '<' : signed/unsigned mismatch
     1>c:\users\ianzh_000\documents\github\cs183_sketch2web\source\shapecontext\main.cpp(181): warning C4018: '<' : signed/unsigned mismatch
     1>c:\users\ianzh_000\documents\github\cs183_sketch2web\source\shapecontext\main.cpp(185): warning C4018: '<' : signed/unsigned mismatch
     1>c:\users\ianzh_000\documents\github\cs183_sketch2web\source\shapecontext\main.cpp(206): warning C4018: '<' : signed/unsigned mismatch
     1>c:\users\ianzh_000\documents\github\cs183_sketch2web\source\shapecontext\main.cpp(215): warning C4018: '<' : signed/unsigned mismatch
     1>c:\users\ianzh_000\documents\github\cs183_sketch2web\source\shapecontext\main.cpp(219): warning C4018: '<' : signed/unsigned mismatch
     1>c:\users\ianzh_000\documents\github\cs183_sketch2web\source\shapecontext\main.cpp(297): warning C4018: '<' : signed/unsigned mismatch
     1>c:\users\ianzh_000\documents\github\cs183_sketch2web\source\shapecontext\main.cpp(306): warning C4018: '<' : signed/unsigned mismatch
     1>c:\users\ianzh_000\documents\github\cs183_sketch2web\source\shapecontext\main.cpp(322): warning C4018: '<' : signed/unsigned mismatch
     1>c:\users\ianzh_000\documents\github\cs183_sketch2web\source\shapecontext\main.cpp(406): warning C4018: '>=' : signed/unsigned mismatch
     1>c:\users\ianzh_000\documents\github\cs183_sketch2web\source\shapecontext\main.cpp(406): warning C4018: '>=' : signed/unsigned mismatch
       Link:
         C:\Program Files (x86)\Microsoft Visual Studio 10.0\VC\bin\link.exe /ERRORREPORT:PROMPT /OUT:"C:\Users\ianzh_000\Documents\GitHub\CS183_Sketch2Web\Source\Debug\ShapeContext.exe" /NOLOGO /LIBPATH:H:\CS183\opencv\build\x86\vc10\lib /LIBPATH:H:\CS183\opencv\build\x86\vc10\bin opencv_core246d.lib opencv_calib3d246d.lib opencv_contrib246d.lib opencv_features2d246d.lib opencv_flann246d.lib opencv_gpu246d.lib opencv_haartraining_engined.lib opencv_highgui246d.lib opencv_imgproc246d.lib opencv_legacy246d.lib opencv_ml246d.lib opencv_nonfree246d.lib opencv_objdetect246d.lib opencv_photo246d.lib opencv_stitching246d.lib opencv_superres246d.lib opencv_ts246d.lib kernel32.lib user32.lib gdi32.lib winspool.lib comdlg32.lib advapi32.lib shell32.lib ole32.lib oleaut32.lib uuid.lib odbc32.lib odbccp32.lib /MANIFEST /ManifestFile:"Debug\ShapeContext.exe.intermediate.manifest" /MANIFESTUAC:"level='asInvoker' uiAccess='false'" /DEBUG /PDB:"C:\Users\ianzh_000\Documents\GitHub\CS183_Sketch2Web\Source\Debug\ShapeContext.pdb" /TLBID:1 /DYNAMICBASE /NXCOMPAT /IMPLIB:"C:\Users\ianzh_000\Documents\GitHub\CS183_Sketch2Web\Source\Debug\ShapeContext.lib" /MACHINE:X86 Debug\lap.obj
         Debug\main.obj
         LINK : C:\Users\ianzh_000\Documents\GitHub\CS183_Sketch2Web\Source\Debug\ShapeContext.exe not found or not built by the last incremental link; performing full link
         ShapeContext.vcxproj -> C:\Users\ianzh_000\Documents\GitHub\CS183_Sketch2Web\Source\Debug\ShapeContext.exe
       Manifest:
         C:\Program Files (x86)\Microsoft SDKs\Windows\v7.0A\bin\mt.exe /nologo /verbose /outputresource:"C:\Users\ianzh_000\Documents\GitHub\CS183_Sketch2Web\Source\Debug\ShapeContext.exe;#1" /manifest Debug\ShapeContext.exe.intermediate.manifest
       FinalizeBuildStatus:
         Deleting file "Debug\ShapeContext.unsuccessfulbuild".
         Touching "Debug\ShapeContext.lastbuildstate".
     1>Done Building Project "C:\Users\ianzh_000\Documents\GitHub\CS183_Sketch2Web\Source\ShapeContext\ShapeContext.vcxproj" (build target(s)).

Build succeeded.

Time Elapsed 00:00:01.88
